[0.039s] Invoking command in '/home/zohaib/fyp_project_ws/build/rtabmap_sync': AMENT_PREFIX_PATH=/home/zohaib/fyp_project_ws/install/rtabmap_conversions:/home/zohaib/fyp_project_ws/install/rtabmap_msgs:${AMENT_PREFIX_PATH} CMAKE_PREFIX_PATH=/home/zohaib/fyp_project_ws/install/rtabmap_conversions:/home/zohaib/fyp_project_ws/install/rtabmap_msgs:/home/zohaib/ros2_ws/install/rplidar_ros:/opt/ros/jazzy/opt/gz_math_vendor:/opt/ros/jazzy/opt/gz_utils_vendor:/opt/ros/jazzy/opt/gz_cmake_vendor:/home/zohaib/ros2_ws/install/camera_processor:/home/zohaib/fyp_project_ws/install/slam_mapping:/home/zohaib/fyp_project_ws/install/pothole_detection:/home/zohaib/fyp_project_ws/install/imu_interface:/home/zohaib/fyp_project_ws/install/fyp_project:/home/zohaib/fyp_project_ws/install/azure_iot:/opt/ros/jazzy DEBUGINFOD_URLS=https://debuginfod.ubuntu.com LD_LIBRARY_PATH=/home/zohaib/fyp_project_ws/install/rtabmap_conversions/lib:/home/zohaib/fyp_project_ws/install/rtabmap_msgs/lib:${LD_LIBRARY_PATH} PYTHONPATH=/home/zohaib/fyp_project_ws/install/rtabmap_msgs/lib/python3.12/site-packages:${PYTHONPATH} /usr/bin/cmake /home/zohaib/fyp_project_ws/src/rtabmap_ros/rtabmap_sync -DAMENT_CMAKE_SYMLINK_INSTALL=1 -DCMAKE_INSTALL_PREFIX=/home/zohaib/fyp_project_ws/install/rtabmap_sync
[0.221s] -- The C compiler identification is GNU 13.3.0
[0.404s] -- The CXX compiler identification is GNU 13.3.0
[0.432s] -- Detecting C compiler ABI info
[0.676s] -- Detecting C compiler ABI info - done
[0.691s] -- Check for working C compiler: /usr/bin/cc - skipped
[0.691s] -- Detecting C compile features
[0.691s] -- Detecting C compile features - done
[0.708s] -- Detecting CXX compiler ABI info
[0.972s] -- Detecting CXX compiler ABI info - done
[0.988s] -- Check for working CXX compiler: /usr/bin/c++ - skipped
[0.988s] -- Detecting CXX compile features
[0.989s] -- Detecting CXX compile features - done
[0.994s] -- Found cv_bridge: 4.1.0 (/opt/ros/jazzy/share/cv_bridge/cmake)
[1.338s] -- Found Python3: /usr/bin/python3 (found version "3.12.3") found components: Interpreter 
[1.533s] -- Override CMake install command with custom implementation using symlinks instead of copying resources
[1.690s] -- Found rosidl_generator_c: 4.6.5 (/opt/ros/jazzy/share/rosidl_generator_c/cmake)
[1.715s] -- Found rosidl_generator_cpp: 4.6.5 (/opt/ros/jazzy/share/rosidl_generator_cpp/cmake)
[1.749s] -- Using all available rosidl_typesupport_c: rosidl_typesupport_fastrtps_c;rosidl_typesupport_introspection_c
[1.780s] -- Using all available rosidl_typesupport_cpp: rosidl_typesupport_fastrtps_cpp;rosidl_typesupport_introspection_cpp
[2.001s] -- Found rmw_implementation_cmake: 7.3.1 (/opt/ros/jazzy/share/rmw_implementation_cmake/cmake)
[2.007s] -- Found rmw_fastrtps_cpp: 8.4.1 (/opt/ros/jazzy/share/rmw_fastrtps_cpp/cmake)
[2.179s] -- Found OpenSSL: /usr/lib/aarch64-linux-gnu/libcrypto.so (found version "3.0.13")  
[2.207s] -- Found FastRTPS: /opt/ros/jazzy/include (Required is at least version "2.13") 
[2.246s] -- Using RMW implementation 'rmw_fastrtps_cpp' as default
[2.370s] -- Found image_transport: 5.1.5 (/opt/ros/jazzy/share/image_transport/cmake)
[2.433s] -- Found nav_msgs: 5.3.5 (/opt/ros/jazzy/share/nav_msgs/cmake)
[2.490s] -- Found rclcpp_components: 28.1.6 (/opt/ros/jazzy/share/rclcpp_components/cmake)
[2.529s] -- Found rtabmap_conversions: 0.21.10 (/home/zohaib/fyp_project_ws/install/rtabmap_conversions/share/rtabmap_conversions/cmake)
[2.710s] [33mCMake Warning (dev) at /usr/lib/aarch64-linux-gnu/cmake/pcl/Modules/FindFLANN.cmake:45 (find_package):
[2.711s]   Policy CMP0144 is not set: find_package uses upper-case <PACKAGENAME>_ROOT
[2.711s]   variables.  Run "cmake --help-policy CMP0144" for policy details.  Use the
[2.711s]   cmake_policy command to set the policy and suppress this warning.
[2.711s] 
[2.711s]   CMake variable FLANN_ROOT is set to:
[2.712s] 
[2.712s]     /usr
[2.712s] 
[2.712s]   For compatibility, find_package is ignoring the variable, but code in a
[2.712s]   .cmake module might still use it.
[2.712s] Call Stack (most recent call first):
[2.712s]   /usr/lib/aarch64-linux-gnu/cmake/pcl/PCLConfig.cmake:261 (find_package)
[2.713s]   /usr/lib/aarch64-linux-gnu/cmake/pcl/PCLConfig.cmake:306 (find_flann)
[2.713s]   /usr/lib/aarch64-linux-gnu/cmake/pcl/PCLConfig.cmake:570 (find_external_library)
[2.713s]   /opt/ros/jazzy/share/pcl_conversions/cmake/ament_cmake_export_dependencies-extras.cmake:21 (find_package)
[2.713s]   /opt/ros/jazzy/share/pcl_conversions/cmake/pcl_conversionsConfig.cmake:41 (include)
[2.713s]   /home/zohaib/fyp_project_ws/install/rtabmap_conversions/share/rtabmap_conversions/cmake/ament_cmake_export_dependencies-extras.cmake:21 (find_package)
[2.713s]   /home/zohaib/fyp_project_ws/install/rtabmap_conversions/share/rtabmap_conversions/cmake/rtabmap_conversionsConfig.cmake:41 (include)
[2.714s]   CMakeLists.txt:10 (find_package)
[2.714s] This warning is for project developers.  Use -Wno-dev to suppress it.
[2.714s] [0m
[2.714s] -- Found flann version 1.9.2
[3.500s] -- Found OpenMP_CXX: -fopenmp (found version "4.5") 
[3.501s] -- Found OpenMP: TRUE (found version "4.5") found components: CXX 
[6.478s] -- Checking for module 'libusb-1.0'
[6.512s] --   Found libusb-1.0, version 1.0.27
[6.596s] -- Found libusb: /usr/lib/aarch64-linux-gnu/libusb-1.0.so  
[6.598s] -- OpenNI found (version: 1.5.4.0, include: /usr/include/ni, lib: /usr/lib/libOpenNI.so;libusb::libusb)
[6.724s] -- OpenNI2 found (version: 2.2.0.33, include: /usr/include/openni2, lib: /usr/lib/aarch64-linux-gnu/libOpenNI2.so;libusb::libusb)
[6.729s] -- Could NOT find Pcap (missing: PCAP_LIBRARIES PCAP_INCLUDE_DIRS) 
[6.751s] -- Found ZLIB: /usr/lib/aarch64-linux-gnu/libz.so (found version "1.3")  
[6.777s] -- Found PNG: /usr/lib/aarch64-linux-gnu/libpng.so (found version "1.6.43") 
[7.583s] -- OpenNI found (version: 1.5.4.0, include: /usr/include/ni, lib: /usr/lib/libOpenNI.so;libusb::libusb)
[7.597s] -- OpenNI2 found (version: 2.2.0.33, include: /usr/include/openni2, lib: /usr/lib/aarch64-linux-gnu/libOpenNI2.so;libusb::libusb)
[8.387s] -- Found Qhull version 8.0.2
[9.192s] -- OpenNI found (version: 1.5.4.0, include: /usr/include/ni, lib: /usr/lib/libOpenNI.so;libusb::libusb)
[9.947s] -- Found PCL_COMMON: /usr/lib/aarch64-linux-gnu/libpcl_common.so  
[9.949s] -- Found PCL_KDTREE: /usr/lib/aarch64-linux-gnu/libpcl_kdtree.so  
[9.950s] -- Found PCL_OCTREE: /usr/lib/aarch64-linux-gnu/libpcl_octree.so  
[9.952s] -- Found PCL_SEARCH: /usr/lib/aarch64-linux-gnu/libpcl_search.so  
[9.954s] -- Found PCL_SAMPLE_CONSENSUS: /usr/lib/aarch64-linux-gnu/libpcl_sample_consensus.so  
[9.956s] -- Found PCL_FILTERS: /usr/lib/aarch64-linux-gnu/libpcl_filters.so  
[9.956s] -- Found PCL_2D: /usr/include/pcl-1.14  
[9.957s] -- Found PCL_GEOMETRY: /usr/include/pcl-1.14  
[9.959s] -- Found PCL_IO: /usr/lib/aarch64-linux-gnu/libpcl_io.so  
[9.960s] -- Found PCL_FEATURES: /usr/lib/aarch64-linux-gnu/libpcl_features.so  
[9.962s] -- Found PCL_ML: /usr/lib/aarch64-linux-gnu/libpcl_ml.so  
[9.964s] -- Found PCL_SEGMENTATION: /usr/lib/aarch64-linux-gnu/libpcl_segmentation.so  
[9.966s] -- Found PCL_VISUALIZATION: /usr/lib/aarch64-linux-gnu/libpcl_visualization.so  
[9.968s] -- Found PCL_SURFACE: /usr/lib/aarch64-linux-gnu/libpcl_surface.so  
[9.970s] -- Found PCL_REGISTRATION: /usr/lib/aarch64-linux-gnu/libpcl_registration.so  
[9.971s] -- Found PCL_KEYPOINTS: /usr/lib/aarch64-linux-gnu/libpcl_keypoints.so  
[9.973s] -- Found PCL_TRACKING: /usr/lib/aarch64-linux-gnu/libpcl_tracking.so  
[9.975s] -- Found PCL_RECOGNITION: /usr/lib/aarch64-linux-gnu/libpcl_recognition.so  
[9.977s] -- Found PCL_STEREO: /usr/lib/aarch64-linux-gnu/libpcl_stereo.so  
[9.979s] -- Found PCL_APPS: /usr/lib/aarch64-linux-gnu/libpcl_apps.so  
[9.980s] -- Found PCL_IN_HAND_SCANNER: /usr/include/pcl-1.14  
[9.981s] -- Found PCL_MODELER: /usr/include/pcl-1.14  
[9.981s] -- Found PCL_POINT_CLOUD_EDITOR: /usr/include/pcl-1.14  
[9.983s] -- Found PCL_OUTOFCORE: /usr/lib/aarch64-linux-gnu/libpcl_outofcore.so  
[9.985s] -- Found PCL_PEOPLE: /usr/lib/aarch64-linux-gnu/libpcl_people.so  
[10.237s] -- Found eigen3_cmake_module: 0.3.0 (/opt/ros/jazzy/share/eigen3_cmake_module/cmake)
[10.239s] -- Found Eigen3: TRUE (found version "3.4.0") 
[10.240s] -- Ensuring Eigen3 include directory is part of orocos-kdl CMake target
[10.251s] [33mCMake Warning (dev) at /usr/share/cmake-3.28/Modules/CMakeFindDependencyMacro.cmake:76 (find_package):
[10.251s]   Policy CMP0074 is not set: find_package uses <PackageName>_ROOT variables.
[10.251s]   Run "cmake --help-policy CMP0074" for policy details.  Use the cmake_policy
[10.251s]   command to set the policy and suppress this warning.
[10.251s] 
[10.251s]   CMake variable PCL_ROOT is set to:
[10.252s] 
[10.252s]     /usr
[10.252s] 
[10.252s]   For compatibility, CMake is ignoring the variable.
[10.252s] Call Stack (most recent call first):
[10.252s]   /opt/ros/jazzy/lib/aarch64-linux-gnu/rtabmap-0.21/RTABMapConfig.cmake:7 (find_dependency)
[10.252s]   /home/zohaib/fyp_project_ws/install/rtabmap_conversions/share/rtabmap_conversions/cmake/ament_cmake_export_dependencies-extras.cmake:21 (find_package)
[10.252s]   /home/zohaib/fyp_project_ws/install/rtabmap_conversions/share/rtabmap_conversions/cmake/rtabmap_conversionsConfig.cmake:41 (include)
[10.252s]   CMakeLists.txt:10 (find_package)
[10.252s] This warning is for project developers.  Use -Wno-dev to suppress it.
[10.252s] [0m
[10.289s] -- Found diagnostic_updater: 4.2.2 (/opt/ros/jazzy/share/diagnostic_updater/cmake)
[10.345s] -- RTABMAP_SYNC_MULTI_RGBD = OFF
[10.346s] -- RTABMAP_SYNC_USER_DATA  = OFF
[10.613s] -- Configuring done (10.6s)
[10.999s] -- Generating done (0.3s)
[11.057s] -- Build files have been written to: /home/zohaib/fyp_project_ws/build/rtabmap_sync
[11.170s] Invoked command in '/home/zohaib/fyp_project_ws/build/rtabmap_sync' returned '0': AMENT_PREFIX_PATH=/home/zohaib/fyp_project_ws/install/rtabmap_conversions:/home/zohaib/fyp_project_ws/install/rtabmap_msgs:${AMENT_PREFIX_PATH} CMAKE_PREFIX_PATH=/home/zohaib/fyp_project_ws/install/rtabmap_conversions:/home/zohaib/fyp_project_ws/install/rtabmap_msgs:/home/zohaib/ros2_ws/install/rplidar_ros:/opt/ros/jazzy/opt/gz_math_vendor:/opt/ros/jazzy/opt/gz_utils_vendor:/opt/ros/jazzy/opt/gz_cmake_vendor:/home/zohaib/ros2_ws/install/camera_processor:/home/zohaib/fyp_project_ws/install/slam_mapping:/home/zohaib/fyp_project_ws/install/pothole_detection:/home/zohaib/fyp_project_ws/install/imu_interface:/home/zohaib/fyp_project_ws/install/fyp_project:/home/zohaib/fyp_project_ws/install/azure_iot:/opt/ros/jazzy DEBUGINFOD_URLS=https://debuginfod.ubuntu.com LD_LIBRARY_PATH=/home/zohaib/fyp_project_ws/install/rtabmap_conversions/lib:/home/zohaib/fyp_project_ws/install/rtabmap_msgs/lib:${LD_LIBRARY_PATH} PYTHONPATH=/home/zohaib/fyp_project_ws/install/rtabmap_msgs/lib/python3.12/site-packages:${PYTHONPATH} /usr/bin/cmake /home/zohaib/fyp_project_ws/src/rtabmap_ros/rtabmap_sync -DAMENT_CMAKE_SYMLINK_INSTALL=1 -DCMAKE_INSTALL_PREFIX=/home/zohaib/fyp_project_ws/install/rtabmap_sync
[11.174s] Invoking command in '/home/zohaib/fyp_project_ws/build/rtabmap_sync': AMENT_PREFIX_PATH=/home/zohaib/fyp_project_ws/install/rtabmap_conversions:/home/zohaib/fyp_project_ws/install/rtabmap_msgs:${AMENT_PREFIX_PATH} CMAKE_PREFIX_PATH=/home/zohaib/fyp_project_ws/install/rtabmap_conversions:/home/zohaib/fyp_project_ws/install/rtabmap_msgs:/home/zohaib/ros2_ws/install/rplidar_ros:/opt/ros/jazzy/opt/gz_math_vendor:/opt/ros/jazzy/opt/gz_utils_vendor:/opt/ros/jazzy/opt/gz_cmake_vendor:/home/zohaib/ros2_ws/install/camera_processor:/home/zohaib/fyp_project_ws/install/slam_mapping:/home/zohaib/fyp_project_ws/install/pothole_detection:/home/zohaib/fyp_project_ws/install/imu_interface:/home/zohaib/fyp_project_ws/install/fyp_project:/home/zohaib/fyp_project_ws/install/azure_iot:/opt/ros/jazzy DEBUGINFOD_URLS=https://debuginfod.ubuntu.com LD_LIBRARY_PATH=/home/zohaib/fyp_project_ws/install/rtabmap_conversions/lib:/home/zohaib/fyp_project_ws/install/rtabmap_msgs/lib:${LD_LIBRARY_PATH} PYTHONPATH=/home/zohaib/fyp_project_ws/install/rtabmap_msgs/lib/python3.12/site-packages:${PYTHONPATH} /usr/bin/cmake --build /home/zohaib/fyp_project_ws/build/rtabmap_sync -- -j4 -l4
[11.289s] [  4%] [32mBuilding CXX object CMakeFiles/rtabmap_sync_plugins.dir/src/nodelets/rgbdx_sync.cpp.o[0m
[11.302s] [  8%] [32mBuilding CXX object CMakeFiles/rtabmap_sync_plugins.dir/src/nodelets/rgbd_sync.cpp.o[0m
[11.303s] [ 13%] [32mBuilding CXX object CMakeFiles/rtabmap_sync.dir/src/CommonDataSubscriber.cpp.o[0m
[11.303s] [ 17%] [32mBuilding CXX object CMakeFiles/rtabmap_sync.dir/src/impl/CommonDataSubscriberDepth.cpp.o[0m
[76.668s] [01m[Kc++:[m[K [01;31m[Kfatal error: [m[KKilled signal terminated program cc1plus
[76.711s] compilation terminated.
[76.734s] gmake[2]: *** [CMakeFiles/rtabmap_sync_plugins.dir/build.make:90: CMakeFiles/rtabmap_sync_plugins.dir/src/nodelets/rgbd_sync.cpp.o] Error 1
[76.735s] gmake[2]: *** Waiting for unfinished jobs....
