[0.073s] Invoking command in '/home/zohaib/fyp_project_ws/build/rtabmap_sync': CMAKE_PREFIX_PATH=/home/zohaib/fyp_project_ws/install/rtabmap_conversions:/home/zohaib/fyp_project_ws/install/rtabmap_msgs:/home/zohaib/ros2_ws/install/rplidar_ros:/opt/ros/jazzy/opt/gz_math_vendor:/opt/ros/jazzy/opt/gz_utils_vendor:/opt/ros/jazzy/opt/gz_cmake_vendor:/home/zohaib/ros2_ws/install/camera_processor:/home/zohaib/fyp_project_ws/install/slam_mapping:/home/zohaib/fyp_project_ws/install/rtabmap_python:/home/zohaib/fyp_project_ws/install/pothole_detection:/home/zohaib/fyp_project_ws/install/imu_interface:/home/zohaib/fyp_project_ws/install/fyp_project:/home/zohaib/fyp_project_ws/install/azure_iot:/opt/ros/jazzy DEBUGINFOD_URLS=https://debuginfod.ubuntu.com PYTHONPATH=/home/zohaib/fyp_project_ws/install/rtabmap_msgs/lib/python3.12/site-packages:/home/zohaib/ros2_ws/install/camera_processor/lib/python3.12/site-packages:/home/zohaib/fyp_project_ws/build/slam_mapping:/home/zohaib/fyp_project_ws/install/slam_mapping/lib/python3.12/site-packages:/home/zohaib/fyp_project_ws/build/rtabmap_python:/home/zohaib/fyp_project_ws/install/rtabmap_python/lib/python3.12/site-packages:/home/zohaib/fyp_project_ws/build/pothole_detection:/home/zohaib/fyp_project_ws/install/pothole_detection/lib/python3.12/site-packages:/home/zohaib/fyp_project_ws/build/imu_interface:/home/zohaib/fyp_project_ws/install/imu_interface/lib/python3.12/site-packages:/home/zohaib/fyp_project_ws/build/fyp_project:/home/zohaib/fyp_project_ws/install/fyp_project/lib/python3.12/site-packages:/home/zohaib/fyp_project_ws/build/azure_iot:/home/zohaib/fyp_project_ws/install/azure_iot/lib/python3.12/site-packages:/opt/ros/jazzy/lib/python3.12/site-packages /usr/bin/cmake --build /home/zohaib/fyp_project_ws/build/rtabmap_sync -- -j4 -l4
[0.260s] [  4%] [32mBuilding CXX object CMakeFiles/rtabmap_sync.dir/src/CommonDataSubscriber.cpp.o[0m
[79.996s] [  8%] [32mBuilding CXX object CMakeFiles/rtabmap_sync.dir/src/impl/CommonDataSubscriberStereo.cpp.o[0m
[126.070s] [ 13%] [32mBuilding CXX object CMakeFiles/rtabmap_sync.dir/src/impl/CommonDataSubscriberRGB.cpp.o[0m
[128.121s] [ 17%] [32mBuilding CXX object CMakeFiles/rtabmap_sync.dir/src/impl/CommonDataSubscriberDepth.cpp.o[0m
[207.484s] [01m[Kc++:[m[K [01;31m[Kfatal error: [m[KKilled signal terminated program cc1plus
[207.496s] compilation terminated.
[207.497s] gmake[2]: *** [CMakeFiles/rtabmap_sync.dir/build.make:118: CMakeFiles/rtabmap_sync.dir/src/impl/CommonDataSubscriberRGB.cpp.o] Error 1
[207.497s] gmake[2]: *** Waiting for unfinished jobs....
[284.064s] gmake[1]: *** [CMakeFiles/Makefile2:147: CMakeFiles/rtabmap_sync.dir/all] Error 2
[284.066s] gmake: *** [Makefile:146: all] Error 2
